.............                                                            [100%]
================================ tests coverage ================================
_______________ coverage: platform linux, python 3.12.1-final-0 ________________

Name                     Stmts   Miss  Cover
--------------------------------------------
src/db/__init__.py           0      0   100%
src/db/load_data.py         59     26    56%
src/web/publisher.py        22     13    41%
src/web/query_data.py       13      2    85%
src/web/run.py              32      5    84%
src/worker/consumer.py      66     30    55%
--------------------------------------------
TOTAL                      192     76    60%
13 passed in 2.03s
